ARM GAS  C:\Users\shensley\AppData\Local\Temp\cc0BqoGf.s 			page 1


   1              		.cpu cortex-m7
   2              		.eabi_attribute 28, 1
   3              		.eabi_attribute 20, 1
   4              		.eabi_attribute 21, 1
   5              		.eabi_attribute 23, 3
   6              		.eabi_attribute 24, 1
   7              		.eabi_attribute 25, 1
   8              		.eabi_attribute 26, 1
   9              		.eabi_attribute 30, 2
  10              		.eabi_attribute 34, 1
  11              		.eabi_attribute 18, 4
  12              		.file	"template.cpp"
  13              		.text
  14              		.section	.text._ZN5daisy10DaisyPatchD2Ev,"axG",%progbits,_ZN5daisy10DaisyPatchD5Ev,comdat
  15              		.align	1
  16              		.p2align 2,,3
  17              		.weak	_ZN5daisy10DaisyPatchD2Ev
  18              		.arch armv7e-m
  19              		.syntax unified
  20              		.thumb
  21              		.thumb_func
  22              		.fpu fpv5-d16
  24              	_ZN5daisy10DaisyPatchD2Ev:
  25              		@ args = 0, pretend = 0, frame = 0
  26              		@ frame_needed = 0, uses_anonymous_args = 0
  27              		@ link register save eliminated.
  28 0000 7047     		bx	lr
  30              		.weak	_ZN5daisy10DaisyPatchD1Ev
  31              		.thumb_set _ZN5daisy10DaisyPatchD1Ev,_ZN5daisy10DaisyPatchD2Ev
  32 0002 00BF     		.section	.text._Z13audiocallbackPPfS0_j,"ax",%progbits
  33              		.align	1
  34              		.p2align 2,,3
  35              		.global	_Z13audiocallbackPPfS0_j
  36              		.syntax unified
  37              		.thumb
  38              		.thumb_func
  39              		.fpu fpv5-d16
  41              	_Z13audiocallbackPPfS0_j:
  42              		@ args = 0, pretend = 0, frame = 0
  43              		@ frame_needed = 0, uses_anonymous_args = 0
  44              		@ link register save eliminated.
  45 0000 7047     		bx	lr
  47 0002 00BF     		.section	.text.startup.main,"ax",%progbits
  48              		.align	1
  49              		.p2align 2,,3
  50              		.global	main
  51              		.syntax unified
  52              		.thumb
  53              		.thumb_func
  54              		.fpu fpv5-d16
  56              	main:
  57              		@ Volatile: function does not return.
  58              		@ args = 0, pretend = 0, frame = 0
  59              		@ frame_needed = 0, uses_anonymous_args = 0
  60 0000 08B5     		push	{r3, lr}
  61 0002 0548     		ldr	r0, .L7
  62 0004 FFF7FEFF 		bl	_ZN5daisy10DaisyPatch4InitEv
ARM GAS  C:\Users\shensley\AppData\Local\Temp\cc0BqoGf.s 			page 2


  63 0008 0348     		ldr	r0, .L7
  64 000a FFF7FEFF 		bl	_ZN5daisy10DaisyPatch8StartAdcEv
  65 000e 0349     		ldr	r1, .L7+4
  66 0010 0148     		ldr	r0, .L7
  67 0012 FFF7FEFF 		bl	_ZN5daisy10DaisyPatch10StartAudioEPFvPPfS2_jE
  68              	.L5:
  69 0016 FEE7     		b	.L5
  70              	.L8:
  71              		.align	2
  72              	.L7:
  73 0018 00000000 		.word	.LANCHOR0
  74 001c 00000000 		.word	_Z13audiocallbackPPfS0_j
  76              		.section	.text.startup._GLOBAL__sub_I_hardware,"ax",%progbits
  77              		.align	1
  78              		.p2align 2,,3
  79              		.syntax unified
  80              		.thumb
  81              		.thumb_func
  82              		.fpu fpv5-d16
  84              	_GLOBAL__sub_I_hardware:
  85              		@ args = 0, pretend = 0, frame = 0
  86              		@ frame_needed = 0, uses_anonymous_args = 0
  87              		@ link register save eliminated.
  88 0000 024A     		ldr	r2, .L10
  89 0002 0349     		ldr	r1, .L10+4
  90 0004 0348     		ldr	r0, .L10+8
  91 0006 FFF7FEBF 		b	__aeabi_atexit
  92              	.L11:
  93 000a 00BF     		.align	2
  94              	.L10:
  95 000c 00000000 		.word	__dso_handle
  96 0010 00000000 		.word	_ZN5daisy10DaisyPatchD1Ev
  97 0014 00000000 		.word	.LANCHOR0
  99              		.section	.init_array,"aw",%init_array
 100              		.align	2
 101 0000 00000000 		.word	_GLOBAL__sub_I_hardware(target1)
 102              		.global	hardware
 103              		.section	.bss.hardware,"aw",%nobits
 104              		.align	2
 105              		.set	.LANCHOR0,. + 0
 108              	hardware:
 109 0000 00000000 		.space	528
 109      00000000 
 109      00000000 
 109      00000000 
 109      00000000 
 110              		.hidden	__dso_handle
 111              		.ident	"GCC: (GNU Tools for Arm Embedded Processors 8-2019-q3-update) 8.3.1 20190703 (release) [gc
ARM GAS  C:\Users\shensley\AppData\Local\Temp\cc0BqoGf.s 			page 3


DEFINED SYMBOLS
                            *ABS*:00000000 template.cpp
C:\Users\shensley\AppData\Local\Temp\cc0BqoGf.s:15     .text._ZN5daisy10DaisyPatchD2Ev:00000000 $t
C:\Users\shensley\AppData\Local\Temp\cc0BqoGf.s:24     .text._ZN5daisy10DaisyPatchD2Ev:00000000 _ZN5daisy10DaisyPatchD2Ev
C:\Users\shensley\AppData\Local\Temp\cc0BqoGf.s:24     .text._ZN5daisy10DaisyPatchD2Ev:00000000 _ZN5daisy10DaisyPatchD1Ev
C:\Users\shensley\AppData\Local\Temp\cc0BqoGf.s:33     .text._Z13audiocallbackPPfS0_j:00000000 $t
C:\Users\shensley\AppData\Local\Temp\cc0BqoGf.s:41     .text._Z13audiocallbackPPfS0_j:00000000 _Z13audiocallbackPPfS0_j
C:\Users\shensley\AppData\Local\Temp\cc0BqoGf.s:48     .text.startup.main:00000000 $t
C:\Users\shensley\AppData\Local\Temp\cc0BqoGf.s:56     .text.startup.main:00000000 main
C:\Users\shensley\AppData\Local\Temp\cc0BqoGf.s:73     .text.startup.main:00000018 $d
C:\Users\shensley\AppData\Local\Temp\cc0BqoGf.s:77     .text.startup._GLOBAL__sub_I_hardware:00000000 $t
C:\Users\shensley\AppData\Local\Temp\cc0BqoGf.s:84     .text.startup._GLOBAL__sub_I_hardware:00000000 _GLOBAL__sub_I_hardware
C:\Users\shensley\AppData\Local\Temp\cc0BqoGf.s:95     .text.startup._GLOBAL__sub_I_hardware:0000000c $d
C:\Users\shensley\AppData\Local\Temp\cc0BqoGf.s:100    .init_array:00000000 $d
C:\Users\shensley\AppData\Local\Temp\cc0BqoGf.s:108    .bss.hardware:00000000 hardware
C:\Users\shensley\AppData\Local\Temp\cc0BqoGf.s:104    .bss.hardware:00000000 $d
                           .group:00000000 _ZN5daisy10DaisyPatchD5Ev

UNDEFINED SYMBOLS
_ZN5daisy10DaisyPatch4InitEv
_ZN5daisy10DaisyPatch8StartAdcEv
_ZN5daisy10DaisyPatch10StartAudioEPFvPPfS2_jE
__aeabi_atexit
__dso_handle
